[debug] [2022-06-05T20:00:42.752Z] ----------------------------------------------------------------------
[debug] [2022-06-05T20:00:42.793Z] Command:       C:\Program Files\nodejs\node.exe C:\Users\User\AppData\Roaming\npm\node_modules\firebase-tools\lib\bin\firebase.js init
[debug] [2022-06-05T20:00:42.795Z] CLI Version:   10.6.0
[debug] [2022-06-05T20:00:42.795Z] Platform:      win32
[debug] [2022-06-05T20:00:42.795Z] Node Version:  v16.8.0
[debug] [2022-06-05T20:00:42.969Z] Time:          Sun Jun 05 2022 16:00:42 GMT-0400 (hora de verano oriental)
[debug] [2022-06-05T20:00:42.970Z] ----------------------------------------------------------------------
[debug] 
[debug] [2022-06-05T20:00:43.073Z] > command requires scopes: ["email","openid","https://www.googleapis.com/auth/cloudplatformprojects.readonly","https://www.googleapis.com/auth/firebase","https://www.googleapis.com/auth/cloud-platform"]
[debug] [2022-06-05T20:00:43.073Z] > authorizing via signed-in user (pedropcamellon@gmail.com)
[info] 
     ######## #### ########  ######## ########     ###     ######  ########
     ##        ##  ##     ## ##       ##     ##  ##   ##  ##       ##
     ######    ##  ########  ######   ########  #########  ######  ######
     ##        ##  ##    ##  ##       ##     ## ##     ##       ## ##
     ##       #### ##     ## ######## ########  ##     ##  ######  ########

You're about to initialize a Firebase project in this directory:

  D:\Documents\GitHub\subzerotcrepair

Before we get started, keep in mind:

  * You are initializing within an existing Firebase project directory

